<?xml version="1.0" encoding="UTF-8"?>
<project version="4">
  <component name="JUnitGeneratorProjectSettings">
    <option name="combineGetterAndSetter" value="true" />
    <option name="selectedTemplateKey" value="JUnit 4" />
  </component>
</project>